<?xml version="1.0" encoding="UTF-8"?>
<!-- Generated by org.testng.reporters.JUnitXMLReporter -->
<testsuite hostname="PC2011112810TVR" name="Add unactive user" tests="1" failures="0" timestamp="14 Mar 2012 09:57:03 GMT" time="0.0" errors="0">
  <testcase name="@BeforeMethod login" time="0.0" classname="org.talend.mdm.cases.user.TestUser">
    <failure type="java.lang.NullPointerException">
      <![CDATA[java.lang.NullPointerException
	at org.talend.mdm.Login.login(Login.java:73)
	at org.talend.mdm.Login.login(Login.java:54)
... Removed 26 stack frames]]>
    </failure>
  </testcase> <!-- @BeforeMethod login -->
  <testcase name="@BeforeMethod beforeMethod" time="0.0" classname="org.talend.mdm.cases.user.TestUser">
    <skipped/>
  </testcase> <!-- @BeforeMethod beforeMethod -->
  <testcase name="@AfterMethod logout" time="0.0" classname="org.talend.mdm.cases.user.TestUser">
    <skipped/>
  </testcase> <!-- @AfterMethod logout -->
  <testcase name="@AfterClass killBroswer" time="0.0" classname="org.talend.mdm.cases.user.TestUser">
    <skipped/>
  </testcase> <!-- @AfterClass killBroswer -->
  <testcase name="testAddUser" time="0.0" classname="org.talend.mdm.cases.user.TestUser">
    <skipped/>
  </testcase> <!-- testAddUser -->
</testsuite> <!-- Add unactive user -->
