<?xml version="1.0" encoding="UTF-8"?>
<!-- Generated by org.testng.reporters.JUnitXMLReporter -->
<testsuite hostname="PC2011112810TVR" name="update a record" tests="1" failures="0" timestamp="19 Mar 2012 08:23:54 GMT" time="0.0" errors="0">
  <testcase name="@BeforeMethod login" time="0.0" classname="org.talend.mdm.cases.record.TestRecord">
    <skipped/>
  </testcase> <!-- @BeforeMethod login -->
  <testcase name="@BeforeMethod beforeMethod" time="0.0" classname="org.talend.mdm.cases.record.TestRecord">
    <skipped/>
  </testcase> <!-- @BeforeMethod beforeMethod -->
  <testcase name="@AfterMethod logout" time="0.0" classname="org.talend.mdm.cases.record.TestRecord">
    <skipped/>
  </testcase> <!-- @AfterMethod logout -->
  <testcase name="@AfterClass killBroswer" time="0.0" classname="org.talend.mdm.cases.record.TestRecord">
    <skipped/>
  </testcase> <!-- @AfterClass killBroswer -->
  <testcase name="testUpdateRecord" time="0.0" classname="org.talend.mdm.cases.record.TestRecord">
    <skipped/>
  </testcase> <!-- testUpdateRecord -->
</testsuite> <!-- update a record -->
